{"level":"info","message":"{\"correlationId\":\"1676886126771\",\"requestBody\":{\"username\":\"esiayy\",\"email\":\"hasibulsiam27@gmail.com\",\"phone\":\"01755770538\",\"password\":\"siamsiam\",\"createdAt\":\"2023-02-20T09:42:06.774Z\"}}","meta":{}}
{"level":"info","message":"{\"correlationId\":\"1676886129120\",\"requestBody\":{\"username\":\"esiayy\",\"email\":\"hasibulsiam27@gmail.com\",\"phone\":\"01755770538\",\"password\":\"siamsiam\",\"createdAt\":\"2023-02-20T09:42:09.122Z\"}}","meta":{}}
{"level":"info","message":"{\"correlationId\":\"1676887797352\",\"requestBody\":{\"username\":\"esiayy\",\"email\":\"hasibulsiam27@gmail.com\",\"phone\":\"01755770538\",\"password\":\"siamsiam\",\"createdAt\":\"2023-02-20T10:09:57.357Z\"}}","meta":{}}
{"level":"info","message":"{\"correlationId\":\"1676887865275\",\"requestBody\":{\"username\":\"esiayy\",\"email\":\"hasibulsiam27@gmail.com\",\"phone\":\"01755770538\",\"password\":\"siamsiam\",\"createdAt\":\"2023-02-20T10:11:05.281Z\"}}","meta":{}}
{"level":"info","message":"{\"correlationId\":\"1676887871920\",\"requestBody\":{\"username\":\"esiayy\",\"email\":\"hasibulsiam27@gmail.com\",\"phone\":\"01755770538\",\"password\":\"siamsiam\",\"createdAt\":\"2023-02-20T10:11:11.921Z\"}}","meta":{}}
{"level":"info","message":"{\"correlationId\":\"1676887928450\",\"requestBody\":{\"username\":\"esiayy\",\"email\":\"hasibulsiam27@gmail.com\",\"phone\":\"01755770538\",\"password\":\"siamsiam\",\"createdAt\":\"2023-02-20T10:12:08.451Z\"}}","meta":{}}
{"level":"info","message":"{\"correlationId\":\"1676887965279\",\"requestBody\":{\"username\":\"esiayy\",\"email\":\"hasibulsiam27@gmail.com\",\"phone\":\"01755770538\",\"password\":\"siamsiam\",\"createdAt\":\"2023-02-20T10:12:45.281Z\"}}","meta":{}}
{"level":"info","message":"{\"correlationId\":\"1676887972551\",\"requestBody\":{\"username\":\"esiayy\",\"email\":\"hasibulsiam27@gmail.com\",\"phone\":\"01755770538\",\"password\":\"siamsiam\",\"createdAt\":\"2023-02-20T10:12:52.551Z\"}}","meta":{}}
{"level":"info","message":"{\"correlationId\":\"1676888108229\",\"requestBody\":{\"id\":\"63f347a4289260966341a258\",\"username\":\"esia5y\",\"email\":\"hasibulsiam27@gmail.com\",\"phone\":\"01755770538\"}}","meta":{}}
{"level":"info","message":"{\"correlationId\":\"1676888232054\",\"requestBody\":{\"username\":\"esia5y\",\"email\":\"hasibulsiam27@gmail.com\",\"phone\":\"01755770538\"}}","meta":{}}
{"level":"info","message":"{\"correlationId\":\"1676888259406\",\"requestBody\":{\"username\":\"esia5y\",\"email\":\"hasibulsiam27@gmail.com\",\"phone\":\"01755770538\"}}","meta":{}}
{"level":"info","message":"{\"correlationId\":\"1676888283225\",\"requestBody\":{\"username\":\"estta5y\",\"email\":\"hasibulsiam27@gmail.com\",\"phone\":\"01755770538\"}}","meta":{}}
{"level":"info","message":"{\"correlationId\":\"1676888312398\",\"requestBody\":{\"username\":\"estta5y\",\"email\":\"hasibulsiam27@gmail.com\",\"phone\":\"01755770538\"}}","meta":{}}
{"level":"info","message":"{\"correlationId\":\"1676889457708\",\"requestBody\":{\"username\":\"esiayy\",\"email\":\"hasibulsiam27@gmail.com\",\"phone\":\"01755770538\",\"password\":\"siamsiam\"}}","meta":{}}
{"level":"info","message":"{\"correlationId\":\"1676889497826\",\"requestBody\":{\"username\":\"esiayy\",\"email\":\"hasibulsiam27@gmail.com\",\"phone\":\"01755770538\",\"password\":\"siamsiam\",\"createdAt\":\"2023-02-20T10:38:17.829Z\"}}","meta":{}}
{"level":"info","message":"{\"correlationId\":\"1676889629517\",\"requestBody\":{\"username\":\"esiayy\",\"email\":\"hasibulsiam27@gmail.com\",\"phone\":\"01755770538\",\"password\":\"siamsiam\",\"createdAt\":\"2023-02-20T10:40:29.520Z\"}}","meta":{}}
{"level":"info","message":"{\"correlationId\":\"1676890835896\",\"requestBody\":{\"username\":\"esiayy\",\"email\":\"hasibulsiam27@gmail.com\",\"phone\":\"01755770538\",\"password\":\"siamsiam\"}}","meta":{}}
{"level":"info","message":"{\"correlationId\":\"1676890896592\",\"requestBody\":{\"username\":\"esiayy\",\"email\":\"hasibulsiam27@gmail.com\",\"phone\":\"01755770538\",\"password\":\"siamsiam\"}}","meta":{}}
{"level":"info","message":"{\"correlationId\":\"1676890918032\",\"requestBody\":{\"username\":\"esiayy\",\"email\":\"hasibulsiam27@gmail.com\",\"phone\":\"01755770538\",\"password\":\"siamsiam\"}}","meta":{}}
{"level":"info","message":"{\"correlationId\":\"1676890937894\",\"requestBody\":{\"username\":\"esiayy\",\"email\":\"hasibulsiam27@gmail.com\",\"phone\":\"01755770538\",\"password\":\"siamsiam\"}}","meta":{}}
{"level":"info","message":"{\"correlationId\":\"1676890962685\",\"requestBody\":{\"username\":\"esiayy\",\"email\":\"hasibulsiam27@gmail.com\",\"phone\":\"01755770538\",\"password\":\"siamsiam\"}}","meta":{}}
{"level":"info","message":"{\"correlationId\":\"1676890988697\",\"requestBody\":{\"username\":\"esiayy\",\"email\":\"hasibulsiam27@gmail.com\",\"phone\":\"01755770538\",\"password\":\"siamsiam\"}}","meta":{}}
{"level":"info","message":"{\"correlationId\":\"1676891070364\",\"requestBody\":{\"username\":\"esiayy\",\"email\":\"hasibulsiam27@gmail.com\",\"phone\":\"01755770538\",\"password\":\"siamsiam\"}}","meta":{}}
{"level":"info","message":"{\"correlationId\":\"1676891082319\",\"requestBody\":{\"username\":\"esiayy\",\"email\":\"hasibulsiam27@gmail.com\",\"phone\":\"01755770538\",\"password\":\"siamsiam\"}}","meta":{}}
{"level":"info","message":"{\"correlationId\":\"1676891114449\",\"requestBody\":{\"username\":\"esiayy\",\"email\":\"hasibulsiam27@gmail.com\",\"phone\":\"01755770538\",\"password\":\"siamsiam\"}}","meta":{}}
{"level":"info","message":"{\"correlationId\":\"1676891137599\",\"requestBody\":{\"username\":\"esiayy\",\"email\":\"hasibulsiam27@gmail.com\",\"phone\":\"01755770538\",\"password\":\"siamsiam\"}}","meta":{}}
{"level":"info","message":"{\"correlationId\":\"1676891179477\",\"requestBody\":{\"username\":\"esiayy\",\"email\":\"hasibulsiam27@gmail.com\",\"phone\":\"01755770538\",\"password\":\"siamsiam\"}}","meta":{}}
{"level":"info","message":"{\"correlationId\":\"1676891182426\",\"requestBody\":{\"username\":\"esiayy\",\"email\":\"hasibulsiam27@gmail.com\",\"phone\":\"01755770538\",\"password\":\"siamsiam\"}}","meta":{}}
{"level":"info","message":"{\"correlationId\":\"1676891211325\",\"requestBody\":{\"username\":\"esiayy\",\"email\":\"hasibulsiam27@gmail.com\",\"phone\":\"01755770538\",\"password\":\"siamsiam\"}}","meta":{}}
{"level":"info","message":"{\"correlationId\":\"1676891220597\",\"requestBody\":{\"username\":\"esiayy\",\"email\":\"hasibulsiam27@gmail.com\",\"phone\":\"01755770538\",\"password\":\"siamsiam\",\"createdAt\":\"2023-02-20T11:07:00.601Z\"}}","meta":{}}
{"level":"info","message":"{\"correlationId\":\"1676891225885\",\"requestBody\":{\"username\":\"esiayy\",\"email\":\"hasibulsiam27@gmail.com\",\"phone\":\"01755770538\",\"password\":\"siamsiam\"}}","meta":{}}
{"level":"info","message":"{\"correlationId\":\"1676891260568\",\"requestBody\":{\"username\":\"esiayy\",\"email\":\"hasibulsiam27@gmail.com\",\"phone\":\"01755770538\",\"password\":\"siamsiam\"}}","meta":{}}
{"level":"info","message":"{\"correlationId\":\"1676891271410\",\"requestBody\":{\"username\":\"eeiayy\",\"email\":\"hasibulsiam27@gmail.com\",\"phone\":\"01755770538\",\"password\":\"siamsiam\",\"createdAt\":\"2023-02-20T11:07:51.414Z\"}}","meta":{}}
{"level":"info","message":"{\"correlationId\":\"1676891280803\",\"requestBody\":{\"username\":\"eeiaey\",\"email\":\"hasibulsiam27@gmail.com\",\"phone\":\"01755770535\",\"password\":\"siamsiam\",\"createdAt\":\"2023-02-20T11:08:00.806Z\"}}","meta":{}}
{"level":"info","message":"{\"correlationId\":\"1676891284483\",\"requestBody\":{\"username\":\"eeiaey\",\"email\":\"hasibulsiwm27@gmail.com\",\"phone\":\"01755770535\",\"password\":\"siamsiam\",\"createdAt\":\"2023-02-20T11:08:04.484Z\"}}","meta":{}}
{"level":"info","message":"{\"correlationId\":\"1676891306557\",\"requestBody\":{\"username\":\"eeiaey\",\"email\":\"hasibulsiwm27@gmail.com\",\"phone\":\"01755770535\",\"password\":\"siamsiam\",\"createdAt\":\"2023-02-20T11:08:26.579Z\"}}","meta":{}}
{"level":"info","message":"{\"correlationId\":\"1676891315095\",\"requestBody\":{\"username\":\"eeiaey\",\"email\":\"hasibulsiwm27@gmail.com\",\"phone\":\"01755770535\",\"password\":\"siamsiam\",\"createdAt\":\"2023-02-20T11:08:35.096Z\"}}","meta":{}}
{"level":"info","message":"{\"correlationId\":\"1676914077006\",\"requestBody\":{\"password\":\"siamsiam\",\"createdAt\":\"2023-02-20T17:27:57.008Z\"}}","meta":{}}
{"level":"info","message":"{\"correlationId\":\"1676914104014\",\"requestBody\":{\"email\":\"hasibulsiam27@gmail.com\",\"password\":\"siamsiam\",\"createdAt\":\"2023-02-20T17:28:24.018Z\"}}","meta":{}}
{"level":"info","message":"{\"correlationId\":\"1676914173113\",\"requestBody\":{\"email\":\"hasibulsiam27@gmail.com\",\"password\":\"siamsiam\",\"createdAt\":\"2023-02-20T17:29:33.115Z\"}}","meta":{}}
{"level":"info","message":"{\"correlationId\":\"1676914533934\",\"requestBody\":{\"email\":\"hasibulsiam27@gmail.com\",\"password\":\"siamsiam\"}}","meta":{}}
{"level":"info","message":"{\"correlationId\":\"1676914562386\",\"requestBody\":{\"email\":\"hasibulsiam27@gmail.com\",\"password\":\"siamsiam\",\"createdAt\":\"2023-02-20T17:36:02.392Z\"}}","meta":{}}
{"level":"info","message":"{\"correlationId\":\"1676914608186\",\"requestBody\":{\"phone\":\"01755770538\"}}","meta":{}}
{"level":"info","message":"{\"correlationId\":\"1676914641762\",\"requestBody\":{\"phone\":\"01755770538\"}}","meta":{}}
{"level":"info","message":"{\"correlationId\":\"1676914674893\",\"requestBody\":{\"phone\":\"01755770538\"}}","meta":{}}
{"level":"info","message":"{\"correlationId\":\"1676914694504\",\"requestBody\":{\"phone\":\"01755770538\"}}","meta":{}}
{"level":"info","message":"{\"correlationId\":\"1676914759207\",\"requestBody\":{\"phone\":\"01755770538\"}}","meta":{}}
{"level":"info","message":"{\"correlationId\":\"1676914867994\",\"requestBody\":{\"phone\":\"01755770538\"}}","meta":{}}
{"level":"info","message":"{\"correlationId\":\"1676914918731\",\"requestBody\":{\"phone\":\"01755770538\"}}","meta":{}}
{"level":"info","message":"{\"correlationId\":\"1676914989316\",\"requestBody\":{\"email\":\"hasibulsiam27@gmail.com\",\"password\":\"siamsiam\",\"createdAt\":\"2023-02-20T17:43:09.318Z\"}}","meta":{}}
{"level":"info","message":"{\"correlationId\":\"1676915002244\",\"requestBody\":{\"phone\":\"01755770538\"}}","meta":{}}
{"level":"info","message":"{\"correlationId\":\"1676915120434\",\"requestBody\":{\"phone\":\"01755770538\"}}","meta":{}}
{"level":"info","message":"{\"correlationId\":\"1676915190894\",\"requestBody\":{\"phone\":\"01755770538\"}}","meta":{}}
{"level":"info","message":"{\"correlationId\":\"1676915260799\",\"requestBody\":{\"phone\":\"01755770538\"}}","meta":{}}
{"level":"info","message":"{\"correlationId\":\"1676915273880\",\"requestBody\":{\"phone\":\"01755770538\"}}","meta":{}}
{"level":"info","message":"{\"correlationId\":\"1676915285559\",\"requestBody\":{\"phone\":\"01755770538\"}}","meta":{}}
{"level":"info","message":"{\"correlationId\":\"1676915297973\",\"requestBody\":{\"phone\":\"01755770538\"}}","meta":{}}
