{"level":"info","message":"{\"correlationId\":\"1677146468632\",\"requestBody\":{\"createdAt\":\"2023-02-23T10:01:08.662Z\"}}","meta":{}}
{"level":"info","message":"{\"correlationId\":\"1677146484124\",\"requestBody\":{\"email\":\"hasibulsiam27@gmail.com\",\"createdAt\":\"2023-02-23T10:01:24.130Z\"}}","meta":{}}
{"level":"info","message":"{\"correlationId\":\"1677146504500\",\"requestBody\":{\"email\":\"hasibulsiam27@gmail.com\",\"password\":\"siamsiam\",\"createdAt\":\"2023-02-23T10:01:44.501Z\"}}","meta":{}}
{"level":"info","message":"{\"correlationId\":\"1677146516049\",\"requestBody\":{\"createdAt\":\"2023-02-23T10:01:56.050Z\"}}","meta":{}}
{"level":"info","message":"{\"correlationId\":\"1677146518594\",\"requestBody\":{\"createdAt\":\"2023-02-23T10:01:58.595Z\"}}","meta":{}}
{"level":"info","message":"{\"correlationId\":\"1677146599788\",\"requestBody\":{\"email\":\"hasibulsiam27@gmail.com\",\"password\":\"siamsiam\",\"createdAt\":\"2023-02-23T10:03:19.792Z\"}}","meta":{}}
{"level":"info","message":"{\"correlationId\":\"1677146608217\",\"requestBody\":{\"email\":\"hasibulsiam27@gmail.com\",\"password\":\"siamsiam\",\"createdAt\":\"2023-02-23T10:03:28.217Z\"}}","meta":{}}
{"level":"info","message":"{\"correlationId\":\"1677146665607\",\"requestBody\":{\"email\":\"hasibulsiam27@gmail.com\",\"password\":\"siamsiam\",\"createdAt\":\"2023-02-23T10:04:25.608Z\"}}","meta":{}}
{"level":"info","message":"{\"correlationId\":\"1677146706611\",\"requestBody\":{\"email\":\"hasibulsiam27@gmail.com\",\"password\":\"siamsiam\",\"createdAt\":\"2023-02-23T10:05:06.613Z\"}}","meta":{}}
{"level":"info","message":"{\"correlationId\":\"1677146725517\",\"requestBody\":{\"email\":\"hasibulsiam27@gmail.com\",\"password\":\"siamsiam\",\"createdAt\":\"2023-02-23T10:05:25.517Z\"}}","meta":{}}
{"level":"info","message":"{\"correlationId\":\"1677146743773\",\"requestBody\":{\"email\":\"nobel@gmail.com\",\"password\":\"siamsiam\",\"createdAt\":\"2023-02-23T10:05:43.774Z\"}}","meta":{}}
{"level":"info","message":"{\"correlationId\":\"1677146958515\",\"requestBody\":{\"email\":\"nobel@gmail.com\",\"password\":\"siamsiam\",\"createdAt\":\"2023-02-23T10:09:18.516Z\"}}","meta":{}}
{"level":"info","message":"{\"correlationId\":\"1677147001960\",\"requestBody\":{\"email\":\"hasibulsiam27@gmail.com\",\"password\":\"siamsiam\",\"createdAt\":\"2023-02-23T10:10:01.961Z\"}}","meta":{}}
{"level":"info","message":"{\"correlationId\":\"1677147144794\",\"requestBody\":{\"email\":\"hasibulsiam27@gmail.com\",\"password\":\"siamsiam\",\"createdAt\":\"2023-02-23T10:12:24.795Z\"}}","meta":{}}
{"level":"info","message":"{\"correlationId\":\"1677147204708\",\"requestBody\":{\"email\":\"hasibulsiam27@gmail.com\",\"password\":\"siamsiam\",\"createdAt\":\"2023-02-23T10:13:24.709Z\"}}","meta":{}}
{"level":"info","message":"{\"correlationId\":\"1677147247941\",\"requestBody\":{\"email\":\"hassibulhasansiam.sr@gmail.com\",\"password\":\"siamsiam\",\"createdAt\":\"2023-02-23T10:14:07.943Z\"}}","meta":{}}
{"level":"info","message":"{\"correlationId\":\"1677147315112\",\"requestBody\":{\"username\":\"siam\",\"phone\":\"01755770538\",\"email\":\"hasibulsiam27@gmail.com\",\"password\":\"siamsiam\",\"createdAt\":\"2023-02-23T10:15:15.114Z\"}}","meta":{}}
{"level":"info","message":"{\"correlationId\":\"1677147343365\",\"requestBody\":{\"email\":\"hasibulsiam27@gmail.com\",\"password\":\"siamsiam\",\"createdAt\":\"2023-02-23T10:15:43.365Z\"}}","meta":{}}
{"level":"info","message":"{\"correlationId\":\"1677147448771\",\"requestBody\":{\"email\":\"hasibulsiam27@gmail.com\",\"password\":\"siamsiam\",\"createdAt\":\"2023-02-23T10:17:28.771Z\"}}","meta":{}}
{"level":"info","message":"{\"correlationId\":\"1677147473597\",\"requestBody\":{\"email\":\"hasibulsiam27@gmail.com\",\"password\":\"siamsiam\",\"createdAt\":\"2023-02-23T10:17:53.597Z\"}}","meta":{}}
{"level":"info","message":"{\"correlationId\":\"1677147501088\",\"requestBody\":{\"email\":\"hasibulsiam27@gmail.com\",\"password\":\"siamsiam\",\"createdAt\":\"2023-02-23T10:18:21.089Z\"}}","meta":{}}
{"level":"info","message":"{\"correlationId\":\"1677147543147\",\"requestBody\":{\"email\":\"hasibulsiam27@gmail.com\",\"password\":\"siamsiam\",\"createdAt\":\"2023-02-23T10:19:03.147Z\"}}","meta":{}}
{"level":"info","message":"{\"correlationId\":\"1677147602705\",\"requestBody\":{\"email\":\"hasibulsiam27@gmail.com\",\"password\":\"siamsiam\",\"createdAt\":\"2023-02-23T10:20:02.705Z\"}}","meta":{}}
{"level":"info","message":"{\"correlationId\":\"1677147631747\",\"requestBody\":{\"email\":\"hasibulsiam27@gmail.com\",\"password\":\"siamsiam\",\"createdAt\":\"2023-02-23T10:20:31.747Z\"}}","meta":{}}
{"level":"info","message":"{\"correlationId\":\"1677147697071\",\"requestBody\":{\"email\":\"hasibulsiam27@gmail.com\",\"password\":\"siamsiam\",\"createdAt\":\"2023-02-23T10:21:37.072Z\"}}","meta":{}}
{"level":"info","message":"{\"correlationId\":\"1677147706937\",\"requestBody\":{\"email\":\"hasibulsiam27@gmail.com\",\"password\":\"siamsiam\",\"createdAt\":\"2023-02-23T10:21:46.937Z\"}}","meta":{}}
{"level":"info","message":"{\"correlationId\":\"1677147729197\",\"requestBody\":{\"email\":\"hasibulsiam27@gmail.com\",\"password\":\"siamsiam\",\"createdAt\":\"2023-02-23T10:22:09.198Z\"}}","meta":{}}
{"level":"info","message":"{\"correlationId\":\"1677147779349\",\"requestBody\":{\"email\":\"hasibulsiam27@gmail.com\",\"password\":\"siamsiam\",\"createdAt\":\"2023-02-23T10:22:59.350Z\"}}","meta":{}}
{"level":"info","message":"{\"correlationId\":\"1677147809734\",\"requestBody\":{\"email\":\"hasibulsiam27@gmail.com\",\"password\":\"siamsiam\",\"createdAt\":\"2023-02-23T10:23:29.734Z\"}}","meta":{}}
{"level":"info","message":"{\"correlationId\":\"1677147840183\",\"requestBody\":{\"email\":\"hasibulsiam27@gmail.com\",\"password\":\"siamsiam\",\"createdAt\":\"2023-02-23T10:24:00.185Z\"}}","meta":{}}
{"level":"info","message":"{\"correlationId\":\"1677147957616\",\"requestBody\":{\"email\":\"hasibulsiam27@gmail.com\",\"password\":\"siamsiam\",\"createdAt\":\"2023-02-23T10:25:57.617Z\"}}","meta":{}}
{"level":"info","message":"{\"correlationId\":\"1677148029502\",\"requestBody\":{\"username\":\"siyam\",\"phone\":\"+8801755770539\",\"email\":\"siam@gmail.com\",\"password\":\"siamsiam\",\"createdAt\":\"2023-02-23T10:27:09.683Z\"}}","meta":{}}
{"level":"info","message":"{\"correlationId\":\"1677148037778\",\"requestBody\":{\"username\":\"siyam\",\"phone\":\"01755770539\",\"email\":\"siam@gmail.com\",\"password\":\"siamsiam\",\"createdAt\":\"2023-02-23T10:27:17.778Z\"}}","meta":{}}
{"level":"info","message":"{\"correlationId\":\"1677148105775\",\"requestBody\":{\"email\":\"hasibulsiam27@gmail.com\",\"password\":\"siamsiam\",\"createdAt\":\"2023-02-23T10:28:25.776Z\"}}","meta":{}}
{"level":"info","message":"{\"correlationId\":\"1677148135556\",\"requestBody\":{\"email\":\"hasibulsiam27@gmail.com\",\"password\":\"siamsiam\",\"createdAt\":\"2023-02-23T10:28:55.556Z\"}}","meta":{}}
{"level":"info","message":"{\"correlationId\":\"1677148268091\",\"requestBody\":{\"email\":\"hasibulsiam27@gmail.com\",\"password\":\"siamsiam\",\"createdAt\":\"2023-02-23T10:31:08.091Z\"}}","meta":{}}
{"level":"info","message":"{\"correlationId\":\"1677149232367\",\"requestBody\":{\"email\":\"hasibulsiam27@gmail.com\",\"password\":\"siamsiam\",\"createdAt\":\"2023-02-23T10:47:12.367Z\"}}","meta":{}}
{"level":"info","message":"{\"correlationId\":\"1677149260812\",\"requestBody\":{\"email\":\"hasibulsiam27@gmail.com\",\"password\":\"siamsiam\",\"createdAt\":\"2023-02-23T10:47:40.812Z\"}}","meta":{}}
{"level":"info","message":"{\"correlationId\":\"1677149281940\",\"requestBody\":{\"email\":\"hasibulsiam27@gmail.com\",\"password\":\"siamsiam\",\"createdAt\":\"2023-02-23T10:48:01.941Z\"}}","meta":{}}
{"level":"info","message":"{\"correlationId\":\"1677149407217\",\"requestBody\":{\"email\":\"hasibulsiam27@gmail.com\",\"password\":\"siamsiam\",\"createdAt\":\"2023-02-23T10:50:07.217Z\"}}","meta":{}}
{"level":"info","message":"{\"correlationId\":\"1677149592210\",\"requestBody\":{\"email\":\"hasibulsiam27@gmail.com\",\"password\":\"siamsiam\",\"createdAt\":\"2023-02-23T10:53:12.211Z\"}}","meta":{}}
{"level":"info","message":"{\"correlationId\":\"1677151443834\",\"requestBody\":{}}","meta":{}}
{"level":"info","message":"{\"correlationId\":\"1677151447418\",\"requestBody\":{}}","meta":{}}
{"level":"info","message":"{\"correlationId\":\"1677151447433\",\"requestBody\":{}}","meta":{}}
{"level":"info","message":"{\"correlationId\":\"1677151447491\",\"requestBody\":{}}","meta":{}}
{"level":"info","message":"{\"correlationId\":\"1677151447531\",\"requestBody\":{}}","meta":{}}
{"level":"info","message":"{\"correlationId\":\"1677151447549\",\"requestBody\":{}}","meta":{}}
{"level":"info","message":"{\"correlationId\":\"1677151447525\",\"requestBody\":{}}","meta":{}}
{"level":"info","message":"{\"correlationId\":\"1677151448287\",\"requestBody\":{}}","meta":{}}
{"level":"info","message":"{\"correlationId\":\"1677167751193\",\"requestBody\":{\"email\":\"hasibulsiam27@gmail.com\",\"password\":\"siamsiam\",\"createdAt\":\"2023-02-23T15:55:51.205Z\"}}","meta":{}}
{"level":"info","message":"{\"correlationId\":\"1677167871742\",\"requestBody\":{\"username\":\"siam\",\"phone\":\"01755770538\",\"email\":\"hasibulsiam27@gmail.com\",\"password\":\"siamsiam\",\"createdAt\":\"2023-02-23T15:57:51.744Z\"}}","meta":{}}
{"level":"info","message":"{\"correlationId\":\"1677167910184\",\"requestBody\":{\"email\":\"hasibulsiam27@gmail.com\",\"password\":\"siamsiam\",\"createdAt\":\"2023-02-23T15:58:30.185Z\"}}","meta":{}}
{"level":"info","message":"{\"correlationId\":\"1677168450190\",\"requestBody\":{\"email\":\"hasibulsiam27@gmail.com\",\"password\":\"siamsiam\",\"createdAt\":\"2023-02-23T16:07:30.194Z\"}}","meta":{}}
{"level":"info","message":"{\"correlationId\":\"1677173389736\",\"requestBody\":{\"email\":\"hasibulsiam27@gmail.com\",\"password\":\"siamsiam\",\"createdAt\":\"2023-02-23T17:29:49.747Z\"}}","meta":{}}
