{"level":"info","message":"{\"correlationId\":\"1676446095654\",\"requestBody\":{\"userName\":\"sssst\",\"createdAt\":\"2023-02-15T07:28:15.657Z\"}}","meta":{}}
{"level":"info","message":"{\"correlationId\":\"1676448506729\",\"requestBody\":{\"userName\":\"sssst\"}}","meta":{}}
{"level":"info","message":"{\"correlationId\":\"1676449303385\",\"requestBody\":{\"userName\":\"sssst\",\"createdAt\":\"2023-02-15T08:21:43.388Z\"}}","meta":{}}
{"level":"info","message":"{\"correlationId\":\"1676449308185\",\"requestBody\":{\"userName\":\"ss\",\"createdAt\":\"2023-02-15T08:21:48.188Z\"}}","meta":{}}
{"level":"info","message":"{\"correlationId\":\"1676449311034\",\"requestBody\":{\"userName\":\"sst\",\"createdAt\":\"2023-02-15T08:21:51.034Z\"}}","meta":{}}
{"level":"info","message":"{\"correlationId\":\"1676449314903\",\"requestBody\":{\"userName\":\"sst\"}}","meta":{}}
{"level":"info","message":"{\"correlationId\":\"1676449354274\",\"requestBody\":{\"userName\":\"sst\"}}","meta":{}}
{"level":"info","message":"{\"correlationId\":\"1676449355888\",\"requestBody\":{\"userName\":\"sst\"}}","meta":{}}
{"level":"info","message":"{\"correlationId\":\"1676449359211\",\"requestBody\":{\"userName\":\"sst\",\"createdAt\":\"2023-02-15T08:22:39.212Z\"}}","meta":{}}
{"level":"info","message":"{\"correlationId\":\"1676449363637\",\"requestBody\":{\"userName\":\"sst tr\",\"createdAt\":\"2023-02-15T08:22:43.638Z\"}}","meta":{}}
{"level":"info","message":"{\"correlationId\":\"1676449385742\",\"requestBody\":{\"userName\":\"ssttr\",\"createdAt\":\"2023-02-15T08:23:05.742Z\"}}","meta":{}}
{"level":"info","message":"{\"correlationId\":\"1676450325692\",\"requestBody\":{\"userName\":\"ssttr\",\"createdAt\":\"2023-02-15T08:38:45.694Z\"}}","meta":{}}
{"level":"info","message":"{\"correlationId\":\"1676462752325\",\"requestBody\":{\"userName\":\"ssttr\"}}","meta":{}}
{"level":"info","message":"{\"correlationId\":\"1676462759876\",\"requestBody\":{\"userName\":\"ssttr\"}}","meta":{}}
{"level":"info","message":"{\"correlationId\":\"1676463142148\",\"requestBody\":{\"userName\":\"ssttr\"}}","meta":{}}
{"level":"info","message":"{\"correlationId\":\"1676463157409\",\"requestBody\":{\"id\":\"63ec964f899a8a6f51959bbe\",\"userName\":\"siam\"}}","meta":{}}
{"level":"info","message":"{\"correlationId\":\"1676463160855\",\"requestBody\":{\"id\":\"63ec964f899a8a6f51959bbe\",\"userName\":\"siam\"}}","meta":{}}
{"level":"info","message":"{\"correlationId\":\"1676463176887\",\"requestBody\":{\"id\":\"63ec964f899a8a6f51959bbe\",\"userName\":\"siam\"}}","meta":{}}
{"level":"info","message":"{\"correlationId\":\"1676463181599\",\"requestBody\":{\"id\":\"63ec964f899a8a6f51959bbe\",\"userName\":\"siam\"}}","meta":{}}
{"level":"info","message":"{\"correlationId\":\"1676463982783\",\"requestBody\":{}}","meta":{}}
{"level":"info","message":"{\"correlationId\":\"1676463982821\",\"requestBody\":{}}","meta":{}}
{"level":"info","message":"{\"correlationId\":\"1676463982866\",\"requestBody\":{}}","meta":{}}
{"level":"info","message":"{\"correlationId\":\"1676463982860\",\"requestBody\":{}}","meta":{}}
{"level":"info","message":"{\"correlationId\":\"1676463982862\",\"requestBody\":{}}","meta":{}}
{"level":"info","message":"{\"correlationId\":\"1676463982862\",\"requestBody\":{}}","meta":{}}
{"level":"info","message":"{\"correlationId\":\"1676463983279\",\"requestBody\":{}}","meta":{}}
{"level":"info","message":"{\"correlationId\":\"1676464001838\",\"requestBody\":{}}","meta":{}}
{"level":"info","message":"{\"correlationId\":\"1676464021409\",\"requestBody\":{\"username\":\"hasibul hasan\"}}","meta":{}}
{"level":"info","message":"{\"correlationId\":\"1676464023039\",\"requestBody\":{\"username\":\"hasibul hasan\"}}","meta":{}}
{"level":"info","message":"{\"correlationId\":\"1676464157743\",\"requestBody\":{\"userName\":\"siamt\"}}","meta":{}}
{"level":"info","message":"{\"correlationId\":\"1676464312596\",\"requestBody\":{\"userName\":\"siamt\",\"createdAt\":\"2023-02-15T12:31:52.598Z\"}}","meta":{}}
{"level":"info","message":"{\"correlationId\":\"1676464317447\",\"requestBody\":{\"username\":\"hasibul hasan\",\"createdAt\":\"2023-02-15T12:31:57.449Z\"}}","meta":{}}
{"level":"info","message":"{\"correlationId\":\"1676464326742\",\"requestBody\":{\"userName\":\"hasibul hasan\",\"createdAt\":\"2023-02-15T12:32:06.742Z\"}}","meta":{}}
{"level":"info","message":"{\"correlationId\":\"1676464334303\",\"requestBody\":{\"userName\":\"hasibul_hasan\",\"createdAt\":\"2023-02-15T12:32:14.304Z\"}}","meta":{}}
{"level":"info","message":"{\"correlationId\":\"1676464359194\",\"requestBody\":{\"userName\":\"hasibulHasan\",\"createdAt\":\"2023-02-15T12:32:39.194Z\"}}","meta":{}}
{"level":"info","message":"{\"correlationId\":\"1676464381214\",\"requestBody\":{}}","meta":{}}
{"level":"info","message":"{\"correlationId\":\"1676464381264\",\"requestBody\":{}}","meta":{}}
{"level":"info","message":"{\"correlationId\":\"1676464381261\",\"requestBody\":{}}","meta":{}}
{"level":"info","message":"{\"correlationId\":\"1676464381263\",\"requestBody\":{}}","meta":{}}
{"level":"info","message":"{\"correlationId\":\"1676464381263\",\"requestBody\":{}}","meta":{}}
{"level":"info","message":"{\"correlationId\":\"1676464381640\",\"requestBody\":{}}","meta":{}}
{"level":"info","message":"{\"correlationId\":\"1676464390488\",\"requestBody\":{\"userName\":\"YCnbD8CX9z38ZS5op2C5e9lKgknctG\",\"createdAt\":\"2023-02-15T12:33:10.490Z\"}}","meta":{}}
{"level":"info","message":"{\"correlationId\":\"1676464394041\",\"requestBody\":{\"userName\":\"YCnbD8CX9z38ZS5op2C5e9lKgknctG\",\"createdAt\":\"2023-02-15T12:33:14.042Z\"}}","meta":{}}
{"level":"info","message":"{\"correlationId\":\"1676464400250\",\"requestBody\":{\"userName\":\"YCnbD8CX9z38ZS5op2C5e9lKsgknctG\",\"createdAt\":\"2023-02-15T12:33:20.252Z\"}}","meta":{}}
{"level":"info","message":"{\"correlationId\":\"1676464408401\",\"requestBody\":{\"userName\":\"YCnbD8CX9z38ZS5o\",\"createdAt\":\"2023-02-15T12:33:28.401Z\"}}","meta":{}}
{"level":"info","message":"{\"correlationId\":\"1676464425415\",\"requestBody\":{}}","meta":{}}
{"level":"info","message":"{\"correlationId\":\"1676464426629\",\"requestBody\":{}}","meta":{}}
{"level":"info","message":"{\"correlationId\":\"1676464485526\",\"requestBody\":{}}","meta":{}}
{"level":"info","message":"{\"correlationId\":\"1676464486737\",\"requestBody\":{}}","meta":{}}
{"level":"info","message":"{\"correlationId\":\"1676464487299\",\"requestBody\":{}}","meta":{}}
{"level":"info","message":"{\"correlationId\":\"1676464487669\",\"requestBody\":{}}","meta":{}}
