2023-02-18 00:14:20 [32minfo[39m: [32m{"correlationId":"1676657660338","requestBody":{"userName":"siamt tt","createdAt":"2023-02-17T18:14:20.343Z"}}[39m
2023-02-18 00:14:47 [32minfo[39m: [32m{"correlationId":"1676657687652","requestBody":{"userName":"siam_tttt","createdAt":"2023-02-17T18:14:47.665Z"}}[39m
2023-02-18 00:14:53 [32minfo[39m: [32m{"correlationId":"1676657693567","requestBody":{"userName":"siamtttt","createdAt":"2023-02-17T18:14:53.568Z"}}[39m
2023-02-18 00:15:02 [32minfo[39m: [32m{"correlationId":"1676657702123","requestBody":{"userName":"siamtttt","createdAt":"2023-02-17T18:15:02.124Z"}}[39m
2023-02-18 00:16:40 [32minfo[39m: [32m{"correlationId":"1676657800740","requestBody":{"userName":"siamtttt","createdAt":"2023-02-17T18:16:40.741Z"}}[39m
2023-02-18 00:20:54 [32minfo[39m: [32m{"correlationId":"1676658054451","requestBody":{"userName":"siamtttt","createdAt":"2023-02-17T18:20:54.459Z"}}[39m
2023-02-18 00:21:09 [32minfo[39m: [32m{"correlationId":"1676658069740","requestBody":{"userName":"esiamtttt","createdAt":"2023-02-17T18:21:09.740Z"}}[39m
2023-02-18 00:21:26 [32minfo[39m: [32m{"correlationId":"1676658086229","requestBody":{"userName":"esiamtttt","createdAt":"2023-02-17T18:21:26.229Z"}}[39m
2023-02-18 00:22:14 [32minfo[39m: [32m{"correlationId":"1676658134621","requestBody":{"userName":"esiamtttt","createdAt":"2023-02-17T18:22:14.623Z"}}[39m
2023-02-18 00:23:56 [32minfo[39m: [32m{"correlationId":"1676658236134","requestBody":{"userName":"esiamtttt","createdAt":"2023-02-17T18:23:56.136Z"}}[39m
2023-02-18 00:24:21 [32minfo[39m: [32m{"correlationId":"1676658261688","requestBody":{"userName":"esiamtttt","createdAt":"2023-02-17T18:24:21.690Z"}}[39m
2023-02-18 00:24:44 [32minfo[39m: [32m{"correlationId":"1676658284349","requestBody":{"userName":"esiamtttt","createdAt":"2023-02-17T18:24:44.353Z"}}[39m
2023-02-18 00:26:28 [32minfo[39m: [32m{"correlationId":"1676658388107","requestBody":{"userName":"esiamtttt","createdAt":"2023-02-17T18:26:28.115Z"}}[39m
2023-02-18 00:27:22 [32minfo[39m: [32m{"correlationId":"1676658442366","requestBody":{"userName":"esiamtttt","createdAt":"2023-02-17T18:27:22.367Z"}}[39m
2023-02-18 00:27:53 [32minfo[39m: [32m{"correlationId":"1676658473101","requestBody":{"userName":"esiamtttt","createdAt":"2023-02-17T18:27:53.112Z"}}[39m
2023-02-18 00:29:31 [32minfo[39m: [32m{"correlationId":"1676658571623","requestBody":{"userName":"esiamtttt","createdAt":"2023-02-17T18:29:31.626Z"}}[39m
2023-02-18 00:30:11 [32minfo[39m: [32m{"correlationId":"1676658611062","requestBody":{"userName":"esiamtttt","createdAt":"2023-02-17T18:30:11.073Z"}}[39m
2023-02-18 00:47:20 [32minfo[39m: [32m{"correlationId":"1676659640698","requestBody":{"userName":"esiamtttt","createdAt":"2023-02-17T18:47:20.700Z"}}[39m
2023-02-18 01:03:03 [32minfo[39m: [32m{"correlationId":"1676660583026","requestBody":{"userName":"esiamtttt"}}[39m
2023-02-18 01:15:54 [32minfo[39m: [32m{"correlationId":"1676661354099","requestBody":{"userName":"esiamtttt"}}[39m
2023-02-18 01:32:53 [32minfo[39m: [32m{"correlationId":"1676662373395","requestBody":{"userName":"esia"}}[39m
2023-02-18 01:44:12 [32minfo[39m: [32m{"correlationId":"1676663052739","requestBody":{"userName":"esia"}}[39m
2023-02-18 01:44:36 [32minfo[39m: [32m{"correlationId":"1676663076615","requestBody":{"userName":"esia","createdAt":"2023-02-17T19:44:36.618Z"}}[39m
2023-02-18 01:44:38 [32minfo[39m: [32m{"correlationId":"1676663078849","requestBody":{"userName":"esia","createdAt":"2023-02-17T19:44:38.849Z"}}[39m
2023-02-18 01:46:17 [32minfo[39m: [32m{"correlationId":"1676663177518","requestBody":{"userName":"esia","createdAt":"2023-02-17T19:46:17.520Z"}}[39m
{"level":"info","message":"{\"correlationId\":\"1676667536575\",\"requestBody\":{\"userName\":\"esia\",\"createdAt\":\"2023-02-17T20:58:56.579Z\"}}","meta":{}}
{"level":"info","message":"{\"correlationId\":\"1676667685285\",\"requestBody\":{\"userName\":\"esia\",\"createdAt\":\"2023-02-17T21:01:25.287Z\"}}","meta":{}}
{"level":"info","message":"{\"correlationId\":\"1676667772942\",\"requestBody\":{\"userName\":\"esia\",\"createdAt\":\"2023-02-17T21:02:52.945Z\"}}","meta":{}}
{"level":"info","message":"{\"correlationId\":\"1676667836554\",\"requestBody\":{\"userName\":\"esia\",\"createdAt\":\"2023-02-17T21:03:56.557Z\"}}","meta":{}}
{"level":"info","message":"{\"correlationId\":\"1676667939596\",\"requestBody\":{\"userName\":\"esia yy\",\"createdAt\":\"2023-02-17T21:05:39.598Z\"}}","meta":{}}
{"level":"info","message":"{\"correlationId\":\"1676712272034\",\"requestBody\":{\"userName\":\"esia yy\",\"createdAt\":\"2023-02-18T09:24:32.039Z\"}}","meta":{}}
{"level":"info","message":"{\"correlationId\":\"1676712582273\",\"requestBody\":{\"userName\":\"esia yy\"}}","meta":{}}
{"level":"info","message":"{\"correlationId\":\"1676721309321\",\"requestBody\":{\"userName\":\"esia yy\",\"createdAt\":\"2023-02-18T11:55:09.324Z\"}}","meta":{}}
{"level":"info","message":"{\"correlationId\":\"1676721700415\",\"requestBody\":{\"userName\":\"esia yy\",\"createdAt\":\"2023-02-18T12:01:40.420Z\"}}","meta":{}}
{"level":"info","message":"{\"correlationId\":\"1676737364965\",\"requestBody\":{\"userName\":\"esia yy\"}}","meta":{}}
{"level":"info","message":"{\"correlationId\":\"1676737528389\",\"requestBody\":{\"userName\":\"esia yy\"}}","meta":{}}
{"level":"info","message":"{\"correlationId\":\"1676738099883\",\"requestBody\":{\"userName\":\"esia yy\"}}","meta":{}}
{"level":"info","message":"{\"correlationId\":\"1676738127217\",\"requestBody\":{\"userName\":\"esia yy\"}}","meta":{}}
{"level":"info","message":"{\"correlationId\":\"1676740339810\",\"requestBody\":{\"userName\":\"esia yy\"}}","meta":{}}
{"level":"info","message":"{\"correlationId\":\"1676740343975\",\"requestBody\":{\"userName\":\"esia yy\",\"createdAt\":\"2023-02-18T17:12:23.978Z\"}}","meta":{}}
{"level":"info","message":"{\"correlationId\":\"1676740348728\",\"requestBody\":{\"userName\":\"esiayy\",\"createdAt\":\"2023-02-18T17:12:28.733Z\"}}","meta":{}}
{"level":"info","message":"{\"correlationId\":\"1676740792251\",\"requestBody\":{\"userName\":\"esiayy\",\"createdAt\":\"2023-02-18T17:19:52.254Z\"}}","meta":{}}
{"level":"info","message":"{\"correlationId\":\"1676741015730\",\"requestBody\":{\"userName\":\"esiayy\",\"createdAt\":\"2023-02-18T17:23:35.731Z\"}}","meta":{}}
{"level":"info","message":"{\"correlationId\":\"1676742957632\",\"requestBody\":{\"userName\":\"esiayy\",\"createdAt\":\"2023-02-18T17:55:57.634Z\"}}","meta":{}}
{"level":"info","message":"{\"correlationId\":\"1676742958799\",\"requestBody\":{\"userName\":\"esiayy\",\"createdAt\":\"2023-02-18T17:55:58.800Z\"}}","meta":{}}
{"level":"info","message":"{\"correlationId\":\"1676743006688\",\"requestBody\":{\"userName\":\"esiayy\",\"createdAt\":\"2023-02-18T17:56:46.692Z\"}}","meta":{}}
{"level":"info","message":"{\"correlationId\":\"1676743039806\",\"requestBody\":{\"userName\":\"esiayy\",\"createdAt\":\"2023-02-18T17:57:19.809Z\"}}","meta":{}}
{"level":"info","message":"{\"correlationId\":\"1676743057898\",\"requestBody\":{\"userName\":\"esiayy\"}}","meta":{}}
{"level":"info","message":"{\"correlationId\":\"1676743068191\",\"requestBody\":{\"userName\":\"esiayy\",\"createdAt\":\"2023-02-18T17:57:48.194Z\"}}","meta":{}}
{"level":"info","message":"{\"correlationId\":\"1676743182065\",\"requestBody\":{\"userName\":\"esiayy\",\"createdAt\":\"2023-02-18T17:59:42.068Z\"}}","meta":{}}
{"level":"info","message":"{\"correlationId\":\"1676743967765\",\"requestBody\":{}}","meta":{}}
{"level":"info","message":"{\"correlationId\":\"1676743968971\",\"requestBody\":{}}","meta":{}}
{"level":"info","message":"{\"correlationId\":\"1676744853709\",\"requestBody\":{}}","meta":{}}
{"level":"info","message":"{\"correlationId\":\"1676744853938\",\"requestBody\":{}}","meta":{}}
